-------------------------------------------------------------------------------
Test set: edu.arizona.cs.TestQ1_3
-------------------------------------------------------------------------------
Tests run: 1, Failures: 1, Errors: 0, Skipped: 0, Time elapsed: 0.001 s <<< FAILURE! - in edu.arizona.cs.TestQ1_3
testDocsAndScores  Time elapsed: 0.001 s  <<< FAILURE!
org.opentest4j.AssertionFailedError: expected: <2> but was: <4>
	at edu.arizona.cs.TestQ1_3.testDocsAndScores(TestQ1_3.java:21)

