-------------------------------------------------------------------------------
Test set: edu.arizona.cs.TestQ1_2_b
-------------------------------------------------------------------------------
Tests run: 1, Failures: 1, Errors: 0, Skipped: 0, Time elapsed: 0.004 s <<< FAILURE! - in edu.arizona.cs.TestQ1_2_b
testDocsAndScores  Time elapsed: 0.003 s  <<< FAILURE!
org.opentest4j.AssertionFailedError: expected: <1> but was: <0>
	at edu.arizona.cs.TestQ1_2_b.testDocsAndScores(TestQ1_2_b.java:20)

