-------------------------------------------------------------------------------
Test set: edu.arizona.cs.TestQ1_1
-------------------------------------------------------------------------------
Tests run: 1, Failures: 1, Errors: 0, Skipped: 0, Time elapsed: 0.003 s <<< FAILURE! - in edu.arizona.cs.TestQ1_1
testDocsAndScores  Time elapsed: 0.003 s  <<< FAILURE!
org.opentest4j.AssertionFailedError: expected: <3> but was: <2>
	at edu.arizona.cs.TestQ1_1.testDocsAndScores(TestQ1_1.java:19)

