-------------------------------------------------------------------------------
Test set: edu.arizona.cs.TestQ1_2_c
-------------------------------------------------------------------------------
Tests run: 1, Failures: 1, Errors: 0, Skipped: 0, Time elapsed: 0.002 s <<< FAILURE! - in edu.arizona.cs.TestQ1_2_c
testDocsAndScores  Time elapsed: 0.002 s  <<< FAILURE!
org.opentest4j.AssertionFailedError: expected: <1> but was: <2>
	at edu.arizona.cs.TestQ1_2_c.testDocsAndScores(TestQ1_2_c.java:20)

